<?xml version="1.0" encoding="UTF-8"?>
<coverage generated="1769479869874" clover="3.2.0">
  <project timestamp="1769479869874" name="All files">
    <metrics statements="59" coveredstatements="59" conditionals="58" coveredconditionals="56" methods="17" coveredmethods="17" elements="134" coveredelements="132" complexity="0" loc="59" ncloc="59" packages="2" files="9" classes="9"/>
    <package name="components">
      <metrics statements="28" coveredstatements="28" conditionals="40" coveredconditionals="38" methods="13" coveredmethods="13"/>
      <file name="HighlightText.tsx" path="/Users/kiyohito.kuwahara/programming/typescript/vantan/chat/my-chat/src/components/HighlightText.tsx">
        <metrics statements="7" coveredstatements="7" conditionals="4" coveredconditionals="4" methods="2" coveredmethods="2"/>
        <line num="8" count="2" type="stmt"/>
        <line num="9" count="9" type="cond" truecount="2" falsecount="0"/>
        <line num="10" count="7" type="stmt"/>
        <line num="13" count="2" type="stmt"/>
        <line num="14" count="2" type="stmt"/>
        <line num="15" count="2" type="stmt"/>
        <line num="18" count="6" type="cond" truecount="2" falsecount="0"/>
      </file>
      <file name="ImageUploader.tsx" path="/Users/kiyohito.kuwahara/programming/typescript/vantan/chat/my-chat/src/components/ImageUploader.tsx">
        <metrics statements="2" coveredstatements="2" conditionals="14" coveredconditionals="13" methods="1" coveredmethods="1"/>
        <line num="15" count="1" type="stmt"/>
        <line num="23" count="5" type="stmt"/>
      </file>
      <file name="MessageForm.tsx" path="/Users/kiyohito.kuwahara/programming/typescript/vantan/chat/my-chat/src/components/MessageForm.tsx">
        <metrics statements="2" coveredstatements="2" conditionals="0" coveredconditionals="0" methods="1" coveredmethods="1"/>
        <line num="17" count="1" type="stmt"/>
        <line num="27" count="5" type="stmt"/>
      </file>
      <file name="MessageItem.tsx" path="/Users/kiyohito.kuwahara/programming/typescript/vantan/chat/my-chat/src/components/MessageItem.tsx">
        <metrics statements="8" coveredstatements="8" conditionals="15" coveredconditionals="14" methods="5" coveredmethods="5"/>
        <line num="36" count="1" type="stmt"/>
        <line num="48" count="11" type="stmt"/>
        <line num="49" count="1" type="cond" truecount="1" falsecount="1"/>
        <line num="50" count="1" type="stmt"/>
        <line num="54" count="11" type="stmt"/>
        <line num="104" count="3" type="stmt"/>
        <line num="164" count="1" type="stmt"/>
        <line num="177" count="1" type="stmt"/>
      </file>
      <file name="MessageList.tsx" path="/Users/kiyohito.kuwahara/programming/typescript/vantan/chat/my-chat/src/components/MessageList.tsx">
        <metrics statements="5" coveredstatements="5" conditionals="5" coveredconditionals="5" methods="1" coveredmethods="1"/>
        <line num="9" count="1" type="stmt"/>
        <line num="13" count="5" type="stmt"/>
        <line num="15" count="5" type="cond" truecount="2" falsecount="0"/>
        <line num="16" count="1" type="stmt"/>
        <line num="36" count="4" type="stmt"/>
      </file>
      <file name="SearchBar.tsx" path="/Users/kiyohito.kuwahara/programming/typescript/vantan/chat/my-chat/src/components/SearchBar.tsx">
        <metrics statements="4" coveredstatements="4" conditionals="2" coveredconditionals="2" methods="3" coveredmethods="3"/>
        <line num="11" count="1" type="stmt"/>
        <line num="16" count="5" type="stmt"/>
        <line num="25" count="4" type="stmt"/>
        <line num="43" count="1" type="stmt"/>
      </file>
    </package>
    <package name="utils">
      <metrics statements="31" coveredstatements="31" conditionals="18" coveredconditionals="18" methods="4" coveredmethods="4"/>
      <file name="dateFormatter.ts" path="/Users/kiyohito.kuwahara/programming/typescript/vantan/chat/my-chat/src/utils/dateFormatter.ts">
        <metrics statements="12" coveredstatements="12" conditionals="8" coveredconditionals="8" methods="1" coveredmethods="1"/>
        <line num="1" count="2" type="stmt"/>
        <line num="2" count="16" type="stmt"/>
        <line num="3" count="16" type="stmt"/>
        <line num="4" count="16" type="stmt"/>
        <line num="5" count="16" type="stmt"/>
        <line num="7" count="16" type="cond" truecount="2" falsecount="0"/>
        <line num="8" count="4" type="cond" truecount="2" falsecount="0"/>
        <line num="10" count="3" type="stmt"/>
        <line num="11" count="3" type="cond" truecount="2" falsecount="0"/>
        <line num="13" count="2" type="stmt"/>
        <line num="14" count="2" type="cond" truecount="2" falsecount="0"/>
        <line num="16" count="1" type="stmt"/>
      </file>
      <file name="sample.ts" path="/Users/kiyohito.kuwahara/programming/typescript/vantan/chat/my-chat/src/utils/sample.ts">
        <metrics statements="1" coveredstatements="1" conditionals="0" coveredconditionals="0" methods="1" coveredmethods="1"/>
        <line num="1" count="2" type="stmt"/>
      </file>
      <file name="validator.ts" path="/Users/kiyohito.kuwahara/programming/typescript/vantan/chat/my-chat/src/utils/validator.ts">
        <metrics statements="18" coveredstatements="18" conditionals="10" coveredconditionals="10" methods="2" coveredmethods="2"/>
        <line num="1" count="1" type="stmt"/>
        <line num="2" count="1" type="stmt"/>
        <line num="3" count="1" type="stmt"/>
        <line num="4" count="1" type="stmt"/>
        <line num="6" count="1" type="stmt"/>
        <line num="7" count="5" type="cond" truecount="2" falsecount="0"/>
        <line num="8" count="2" type="stmt"/>
        <line num="10" count="3" type="cond" truecount="2" falsecount="0"/>
        <line num="11" count="1" type="stmt"/>
        <line num="13" count="2" type="stmt"/>
        <line num="16" count="1" type="stmt"/>
        <line num="17" count="4" type="cond" truecount="2" falsecount="0"/>
        <line num="18" count="1" type="stmt"/>
        <line num="20" count="3" type="cond" truecount="2" falsecount="0"/>
        <line num="21" count="1" type="stmt"/>
        <line num="23" count="2" type="cond" truecount="2" falsecount="0"/>
        <line num="24" count="1" type="stmt"/>
        <line num="26" count="1" type="stmt"/>
      </file>
    </package>
  </project>
</coverage>
