{"/Users/kiyohito.kuwahara/programming/typescript/vantan/chat/my-chat/src/components/HighlightText.tsx": {"path":"/Users/kiyohito.kuwahara/programming/typescript/vantan/chat/my-chat/src/components/HighlightText.tsx","statementMap":{"0":{"start":{"line":8,"column":29},"end":{"line":39,"column":null}},"1":{"start":{"line":9,"column":2},"end":{"line":11,"column":null}},"2":{"start":{"line":10,"column":4},"end":{"line":10,"column":null}},"3":{"start":{"line":13,"column":16},"end":{"line":13,"column":null}},"4":{"start":{"line":14,"column":16},"end":{"line":14,"column":null}},"5":{"start":{"line":15,"column":2},"end":{"line":37,"column":null}},"6":{"start":{"line":18,"column":8},"end":{"line":34,"column":null}}},"fnMap":{"0":{"name":"(anonymous_0)","decl":{"start":{"line":8,"column":29},"end":{"line":8,"column":30}},"loc":{"start":{"line":8,"column":75},"end":{"line":39,"column":null}},"line":8},"1":{"name":"(anonymous_1)","decl":{"start":{"line":17,"column":17},"end":{"line":17,"column":18}},"loc":{"start":{"line":18,"column":8},"end":{"line":34,"column":null}},"line":18}},"branchMap":{"0":{"loc":{"start":{"line":9,"column":2},"end":{"line":11,"column":null}},"type":"if","locations":[{"start":{"line":9,"column":2},"end":{"line":11,"column":null}},{"start":{},"end":{}}],"line":9},"1":{"loc":{"start":{"line":18,"column":8},"end":{"line":34,"column":null}},"type":"cond-expr","locations":[{"start":{"line":19,"column":10},"end":{"line":32,"column":null}},{"start":{"line":34,"column":10},"end":{"line":34,"column":null}}],"line":18}},"s":{"0":2,"1":9,"2":7,"3":2,"4":2,"5":2,"6":6},"f":{"0":9,"1":6},"b":{"0":[7,2],"1":[2,4]},"meta":{"lastBranch":2,"lastFunction":2,"lastStatement":7,"seen":{"s:8:29:39:Infinity":0,"f:8:29:8:30":0,"b:9:2:11:Infinity:undefined:undefined:undefined:undefined":0,"s:9:2:11:Infinity":1,"s:10:4:10:Infinity":2,"s:13:16:13:Infinity":3,"s:14:16:14:Infinity":4,"s:15:2:37:Infinity":5,"f:17:17:17:18":1,"s:18:8:34:Infinity":6,"b:19:10:32:Infinity:34:10:34:Infinity":1}}}
,"/Users/kiyohito.kuwahara/programming/typescript/vantan/chat/my-chat/src/components/ImageUploader.tsx": {"path":"/Users/kiyohito.kuwahara/programming/typescript/vantan/chat/my-chat/src/components/ImageUploader.tsx","statementMap":{"0":{"start":{"line":15,"column":29},"end":{"line":133,"column":null}},"1":{"start":{"line":23,"column":2},"end":{"line":131,"column":null}}},"fnMap":{"0":{"name":"(anonymous_0)","decl":{"start":{"line":15,"column":29},"end":{"line":15,"column":30}},"loc":{"start":{"line":22,"column":26},"end":{"line":133,"column":null}},"line":22}},"branchMap":{"0":{"loc":{"start":{"line":26,"column":7},"end":{"line":82,"column":null}},"type":"binary-expr","locations":[{"start":{"line":26,"column":7},"end":{"line":26,"column":null}},{"start":{"line":27,"column":8},"end":{"line":82,"column":null}}],"line":26},"1":{"loc":{"start":{"line":117,"column":20},"end":{"line":117,"column":null}},"type":"binary-expr","locations":[{"start":{"line":117,"column":20},"end":{"line":117,"column":36}},{"start":{"line":117,"column":36},"end":{"line":117,"column":null}}],"line":117},"2":{"loc":{"start":{"line":119,"column":24},"end":{"line":119,"column":null}},"type":"cond-expr","locations":[{"start":{"line":119,"column":52},"end":{"line":119,"column":70}},{"start":{"line":119,"column":70},"end":{"line":119,"column":null}}],"line":119},"3":{"loc":{"start":{"line":119,"column":24},"end":{"line":119,"column":52}},"type":"binary-expr","locations":[{"start":{"line":119,"column":24},"end":{"line":119,"column":39}},{"start":{"line":119,"column":39},"end":{"line":119,"column":52}}],"line":119},"4":{"loc":{"start":{"line":122,"column":16},"end":{"line":122,"column":null}},"type":"cond-expr","locations":[{"start":{"line":122,"column":44},"end":{"line":122,"column":67}},{"start":{"line":122,"column":67},"end":{"line":122,"column":null}}],"line":122},"5":{"loc":{"start":{"line":122,"column":16},"end":{"line":122,"column":44}},"type":"binary-expr","locations":[{"start":{"line":122,"column":16},"end":{"line":122,"column":31}},{"start":{"line":122,"column":31},"end":{"line":122,"column":44}}],"line":122},"6":{"loc":{"start":{"line":125,"column":23},"end":{"line":125,"column":null}},"type":"cond-expr","locations":[{"start":{"line":125,"column":37},"end":{"line":125,"column":53}},{"start":{"line":125,"column":53},"end":{"line":125,"column":null}}],"line":125}},"s":{"0":1,"1":5},"f":{"0":5},"b":{"0":[5,0],"1":[5,1],"2":[1,4],"3":[5,1],"4":[1,4],"5":[5,1],"6":[1,4]},"meta":{"lastBranch":7,"lastFunction":1,"lastStatement":2,"seen":{"s:15:29:133:Infinity":0,"f:15:29:15:30":0,"s:23:2:131:Infinity":1,"b:26:7:26:Infinity:27:8:82:Infinity":0,"b:117:20:117:36:117:36:117:Infinity":1,"b:119:52:119:70:119:70:119:Infinity":2,"b:119:24:119:39:119:39:119:52":3,"b:122:44:122:67:122:67:122:Infinity":4,"b:122:16:122:31:122:31:122:44":5,"b:125:37:125:53:125:53:125:Infinity":6}}}
,"/Users/kiyohito.kuwahara/programming/typescript/vantan/chat/my-chat/src/components/MessageForm.tsx": {"path":"/Users/kiyohito.kuwahara/programming/typescript/vantan/chat/my-chat/src/components/MessageForm.tsx","statementMap":{"0":{"start":{"line":17,"column":27},"end":{"line":78,"column":null}},"1":{"start":{"line":27,"column":2},"end":{"line":76,"column":null}}},"fnMap":{"0":{"name":"(anonymous_0)","decl":{"start":{"line":17,"column":27},"end":{"line":17,"column":28}},"loc":{"start":{"line":26,"column":24},"end":{"line":78,"column":null}},"line":26}},"branchMap":{},"s":{"0":1,"1":5},"f":{"0":5},"b":{},"meta":{"lastBranch":0,"lastFunction":1,"lastStatement":2,"seen":{"s:17:27:78:Infinity":0,"f:17:27:17:28":0,"s:27:2:76:Infinity":1}}}
,"/Users/kiyohito.kuwahara/programming/typescript/vantan/chat/my-chat/src/components/MessageItem.tsx": {"path":"/Users/kiyohito.kuwahara/programming/typescript/vantan/chat/my-chat/src/components/MessageItem.tsx","statementMap":{"0":{"start":{"line":36,"column":27},"end":{"line":191,"column":null}},"1":{"start":{"line":48,"column":23},"end":{"line":52,"column":null}},"2":{"start":{"line":49,"column":4},"end":{"line":51,"column":null}},"3":{"start":{"line":50,"column":6},"end":{"line":50,"column":null}},"4":{"start":{"line":54,"column":2},"end":{"line":189,"column":null}},"5":{"start":{"line":104,"column":29},"end":{"line":104,"column":null}},"6":{"start":{"line":164,"column":27},"end":{"line":164,"column":null}},"7":{"start":{"line":177,"column":25},"end":{"line":177,"column":null}}},"fnMap":{"0":{"name":"(anonymous_0)","decl":{"start":{"line":36,"column":27},"end":{"line":36,"column":28}},"loc":{"start":{"line":47,"column":24},"end":{"line":191,"column":null}},"line":47},"1":{"name":"(anonymous_1)","decl":{"start":{"line":48,"column":23},"end":{"line":48,"column":24}},"loc":{"start":{"line":48,"column":39},"end":{"line":52,"column":null}},"line":48},"2":{"name":"(anonymous_2)","decl":{"start":{"line":104,"column":22},"end":{"line":104,"column":23}},"loc":{"start":{"line":104,"column":29},"end":{"line":104,"column":null}},"line":104},"3":{"name":"(anonymous_3)","decl":{"start":{"line":164,"column":21},"end":{"line":164,"column":27}},"loc":{"start":{"line":164,"column":27},"end":{"line":164,"column":null}},"line":164},"4":{"name":"(anonymous_4)","decl":{"start":{"line":177,"column":19},"end":{"line":177,"column":25}},"loc":{"start":{"line":177,"column":25},"end":{"line":177,"column":null}},"line":177}},"branchMap":{"0":{"loc":{"start":{"line":49,"column":4},"end":{"line":51,"column":null}},"type":"if","locations":[{"start":{"line":49,"column":4},"end":{"line":51,"column":null}},{"start":{},"end":{}}],"line":49},"1":{"loc":{"start":{"line":72,"column":9},"end":{"line":80,"column":null}},"type":"binary-expr","locations":[{"start":{"line":72,"column":9},"end":{"line":72,"column":null}},{"start":{"line":73,"column":10},"end":{"line":80,"column":null}}],"line":72},"2":{"loc":{"start":{"line":98,"column":9},"end":{"line":125,"column":null}},"type":"cond-expr","locations":[{"start":{"line":99,"column":10},"end":{"line":106,"column":null}},{"start":{"line":108,"column":10},"end":{"line":125,"column":null}}],"line":98},"3":{"loc":{"start":{"line":116,"column":18},"end":{"line":116,"column":null}},"type":"cond-expr","locations":[{"start":{"line":116,"column":34},"end":{"line":116,"column":38}},{"start":{"line":116,"column":38},"end":{"line":116,"column":null}}],"line":116},"4":{"loc":{"start":{"line":121,"column":15},"end":{"line":123,"column":null}},"type":"binary-expr","locations":[{"start":{"line":121,"column":15},"end":{"line":121,"column":null}},{"start":{"line":122,"column":16},"end":{"line":122,"column":null}},{"start":{"line":123,"column":16},"end":{"line":123,"column":null}}],"line":121},"5":{"loc":{"start":{"line":129,"column":9},"end":{"line":154,"column":null}},"type":"binary-expr","locations":[{"start":{"line":129,"column":9},"end":{"line":129,"column":null}},{"start":{"line":130,"column":10},"end":{"line":154,"column":null}}],"line":129},"6":{"loc":{"start":{"line":159,"column":9},"end":{"line":171,"column":null}},"type":"binary-expr","locations":[{"start":{"line":159,"column":9},"end":{"line":159,"column":null}},{"start":{"line":160,"column":10},"end":{"line":171,"column":null}}],"line":159}},"s":{"0":1,"1":11,"2":1,"3":1,"4":11,"5":3,"6":1,"7":1},"f":{"0":11,"1":1,"2":3,"3":1,"4":1},"b":{"0":[1,0],"1":[11,4],"2":[4,7],"3":[1,6],"4":[7,7,7],"5":[11,1],"6":[11,7]},"meta":{"lastBranch":7,"lastFunction":5,"lastStatement":8,"seen":{"s:36:27:191:Infinity":0,"f:36:27:36:28":0,"s:48:23:52:Infinity":1,"f:48:23:48:24":1,"b:49:4:51:Infinity:undefined:undefined:undefined:undefined":0,"s:49:4:51:Infinity":2,"s:50:6:50:Infinity":3,"s:54:2:189:Infinity":4,"b:72:9:72:Infinity:73:10:80:Infinity":1,"b:99:10:106:Infinity:108:10:125:Infinity":2,"f:104:22:104:23":2,"s:104:29:104:Infinity":5,"b:116:34:116:38:116:38:116:Infinity":3,"b:121:15:121:Infinity:122:16:122:Infinity:123:16:123:Infinity":4,"b:129:9:129:Infinity:130:10:154:Infinity":5,"b:159:9:159:Infinity:160:10:171:Infinity":6,"f:164:21:164:27":3,"s:164:27:164:Infinity":6,"f:177:19:177:25":4,"s:177:25:177:Infinity":7}}}
,"/Users/kiyohito.kuwahara/programming/typescript/vantan/chat/my-chat/src/components/MessageList.tsx": {"path":"/Users/kiyohito.kuwahara/programming/typescript/vantan/chat/my-chat/src/components/MessageList.tsx","statementMap":{"0":{"start":{"line":9,"column":27},"end":{"line":50,"column":null}},"1":{"start":{"line":13,"column":16},"end":{"line":13,"column":null}},"2":{"start":{"line":15,"column":2},"end":{"line":34,"column":null}},"3":{"start":{"line":16,"column":4},"end":{"line":32,"column":null}},"4":{"start":{"line":36,"column":2},"end":{"line":48,"column":null}}},"fnMap":{"0":{"name":"(anonymous_0)","decl":{"start":{"line":9,"column":27},"end":{"line":9,"column":28}},"loc":{"start":{"line":12,"column":24},"end":{"line":50,"column":null}},"line":12}},"branchMap":{"0":{"loc":{"start":{"line":11,"column":2},"end":{"line":11,"column":null}},"type":"default-arg","locations":[{"start":{"line":11,"column":14},"end":{"line":11,"column":null}}],"line":11},"1":{"loc":{"start":{"line":15,"column":2},"end":{"line":34,"column":null}},"type":"if","locations":[{"start":{"line":15,"column":2},"end":{"line":34,"column":null}},{"start":{},"end":{}}],"line":15},"2":{"loc":{"start":{"line":38,"column":7},"end":{"line":45,"column":null}},"type":"binary-expr","locations":[{"start":{"line":38,"column":7},"end":{"line":38,"column":null}},{"start":{"line":39,"column":8},"end":{"line":45,"column":null}}],"line":38}},"s":{"0":1,"1":5,"2":5,"3":1,"4":4},"f":{"0":5},"b":{"0":[5],"1":[1,4],"2":[4,1]},"meta":{"lastBranch":3,"lastFunction":1,"lastStatement":5,"seen":{"s:9:27:50:Infinity":0,"f:9:27:9:28":0,"b:11:14:11:Infinity":0,"s:13:16:13:Infinity":1,"b:15:2:34:Infinity:undefined:undefined:undefined:undefined":1,"s:15:2:34:Infinity":2,"s:16:4:32:Infinity":3,"s:36:2:48:Infinity":4,"b:38:7:38:Infinity:39:8:45:Infinity":2}}}
,"/Users/kiyohito.kuwahara/programming/typescript/vantan/chat/my-chat/src/components/SearchBar.tsx": {"path":"/Users/kiyohito.kuwahara/programming/typescript/vantan/chat/my-chat/src/components/SearchBar.tsx","statementMap":{"0":{"start":{"line":11,"column":25},"end":{"line":60,"column":null}},"1":{"start":{"line":16,"column":2},"end":{"line":58,"column":null}},"2":{"start":{"line":25,"column":25},"end":{"line":25,"column":null}},"3":{"start":{"line":43,"column":33},"end":{"line":43,"column":null}}},"fnMap":{"0":{"name":"(anonymous_0)","decl":{"start":{"line":11,"column":25},"end":{"line":11,"column":26}},"loc":{"start":{"line":15,"column":22},"end":{"line":60,"column":null}},"line":15},"1":{"name":"(anonymous_1)","decl":{"start":{"line":25,"column":18},"end":{"line":25,"column":19}},"loc":{"start":{"line":25,"column":25},"end":{"line":25,"column":null}},"line":25},"2":{"name":"(anonymous_2)","decl":{"start":{"line":43,"column":27},"end":{"line":43,"column":33}},"loc":{"start":{"line":43,"column":33},"end":{"line":43,"column":null}},"line":43}},"branchMap":{"0":{"loc":{"start":{"line":40,"column":26},"end":{"line":53,"column":null}},"type":"binary-expr","locations":[{"start":{"line":40,"column":26},"end":{"line":40,"column":null}},{"start":{"line":41,"column":14},"end":{"line":53,"column":null}}],"line":40}},"s":{"0":1,"1":5,"2":4,"3":1},"f":{"0":5,"1":4,"2":1},"b":{"0":[5,2]},"meta":{"lastBranch":1,"lastFunction":3,"lastStatement":4,"seen":{"s:11:25:60:Infinity":0,"f:11:25:11:26":0,"s:16:2:58:Infinity":1,"f:25:18:25:19":1,"s:25:25:25:Infinity":2,"b:40:26:40:Infinity:41:14:53:Infinity":0,"f:43:27:43:33":2,"s:43:33:43:Infinity":3}}}
,"/Users/kiyohito.kuwahara/programming/typescript/vantan/chat/my-chat/src/utils/dateFormatter.ts": {"path":"/Users/kiyohito.kuwahara/programming/typescript/vantan/chat/my-chat/src/utils/dateFormatter.ts","statementMap":{"0":{"start":{"line":1,"column":34},"end":{"line":17,"column":null}},"1":{"start":{"line":2,"column":14},"end":{"line":2,"column":null}},"2":{"start":{"line":3,"column":22},"end":{"line":3,"column":null}},"3":{"start":{"line":4,"column":17},"end":{"line":4,"column":null}},"4":{"start":{"line":5,"column":19},"end":{"line":5,"column":null}},"5":{"start":{"line":7,"column":2},"end":{"line":7,"column":null}},"6":{"start":{"line":7,"column":20},"end":{"line":7,"column":null}},"7":{"start":{"line":8,"column":2},"end":{"line":8,"column":null}},"8":{"start":{"line":8,"column":21},"end":{"line":8,"column":null}},"9":{"start":{"line":10,"column":20},"end":{"line":10,"column":null}},"10":{"start":{"line":11,"column":2},"end":{"line":11,"column":null}},"11":{"start":{"line":11,"column":22},"end":{"line":11,"column":null}},"12":{"start":{"line":13,"column":19},"end":{"line":13,"column":null}},"13":{"start":{"line":14,"column":2},"end":{"line":14,"column":null}},"14":{"start":{"line":14,"column":20},"end":{"line":14,"column":null}},"15":{"start":{"line":16,"column":2},"end":{"line":16,"column":null}}},"fnMap":{"0":{"name":"(anonymous_0)","decl":{"start":{"line":1,"column":34},"end":{"line":1,"column":35}},"loc":{"start":{"line":1,"column":60},"end":{"line":17,"column":null}},"line":1}},"branchMap":{"0":{"loc":{"start":{"line":7,"column":2},"end":{"line":7,"column":null}},"type":"if","locations":[{"start":{"line":7,"column":2},"end":{"line":7,"column":null}},{"start":{},"end":{}}],"line":7},"1":{"loc":{"start":{"line":8,"column":2},"end":{"line":8,"column":null}},"type":"if","locations":[{"start":{"line":8,"column":2},"end":{"line":8,"column":null}},{"start":{},"end":{}}],"line":8},"2":{"loc":{"start":{"line":11,"column":2},"end":{"line":11,"column":null}},"type":"if","locations":[{"start":{"line":11,"column":2},"end":{"line":11,"column":null}},{"start":{},"end":{}}],"line":11},"3":{"loc":{"start":{"line":14,"column":2},"end":{"line":14,"column":null}},"type":"if","locations":[{"start":{"line":14,"column":2},"end":{"line":14,"column":null}},{"start":{},"end":{}}],"line":14}},"s":{"0":2,"1":16,"2":16,"3":16,"4":16,"5":16,"6":12,"7":4,"8":4,"9":3,"10":3,"11":1,"12":2,"13":2,"14":2,"15":1},"f":{"0":16},"b":{"0":[12,4],"1":[1,3],"2":[1,2],"3":[1,1]},"meta":{"lastBranch":4,"lastFunction":1,"lastStatement":16,"seen":{"s:1:34:17:Infinity":0,"f:1:34:1:35":0,"s:2:14:2:Infinity":1,"s:3:22:3:Infinity":2,"s:4:17:4:Infinity":3,"s:5:19:5:Infinity":4,"b:7:2:7:Infinity:undefined:undefined:undefined:undefined":0,"s:7:2:7:Infinity":5,"s:7:20:7:Infinity":6,"b:8:2:8:Infinity:undefined:undefined:undefined:undefined":1,"s:8:2:8:Infinity":7,"s:8:21:8:Infinity":8,"s:10:20:10:Infinity":9,"b:11:2:11:Infinity:undefined:undefined:undefined:undefined":2,"s:11:2:11:Infinity":10,"s:11:22:11:Infinity":11,"s:13:19:13:Infinity":12,"b:14:2:14:Infinity:undefined:undefined:undefined:undefined":3,"s:14:2:14:Infinity":13,"s:14:20:14:Infinity":14,"s:16:2:16:Infinity":15}}}
,"/Users/kiyohito.kuwahara/programming/typescript/vantan/chat/my-chat/src/utils/sample.ts": {"path":"/Users/kiyohito.kuwahara/programming/typescript/vantan/chat/my-chat/src/utils/sample.ts","statementMap":{"0":{"start":{"line":1,"column":19},"end":{"line":1,"column":null}},"1":{"start":{"line":1,"column":53},"end":{"line":1,"column":null}}},"fnMap":{"0":{"name":"(anonymous_0)","decl":{"start":{"line":1,"column":19},"end":{"line":1,"column":20}},"loc":{"start":{"line":1,"column":53},"end":{"line":1,"column":null}},"line":1}},"branchMap":{},"s":{"0":1,"1":2},"f":{"0":2},"b":{},"meta":{"lastBranch":0,"lastFunction":1,"lastStatement":2,"seen":{"s:1:19:1:Infinity":0,"f:1:19:1:20":0,"s:1:53:1:Infinity":1}}}
,"/Users/kiyohito.kuwahara/programming/typescript/vantan/chat/my-chat/src/utils/validator.ts": {"path":"/Users/kiyohito.kuwahara/programming/typescript/vantan/chat/my-chat/src/utils/validator.ts","statementMap":{"0":{"start":{"line":1,"column":27},"end":{"line":1,"column":null}},"1":{"start":{"line":2,"column":17},"end":{"line":2,"column":null}},"2":{"start":{"line":3,"column":28},"end":{"line":3,"column":null}},"3":{"start":{"line":4,"column":22},"end":{"line":4,"column":null}},"4":{"start":{"line":6,"column":31},"end":{"line":14,"column":null}},"5":{"start":{"line":7,"column":2},"end":{"line":9,"column":null}},"6":{"start":{"line":8,"column":4},"end":{"line":8,"column":null}},"7":{"start":{"line":10,"column":2},"end":{"line":12,"column":null}},"8":{"start":{"line":11,"column":4},"end":{"line":11,"column":null}},"9":{"start":{"line":13,"column":2},"end":{"line":13,"column":null}},"10":{"start":{"line":16,"column":28},"end":{"line":27,"column":null}},"11":{"start":{"line":17,"column":2},"end":{"line":19,"column":null}},"12":{"start":{"line":18,"column":4},"end":{"line":18,"column":null}},"13":{"start":{"line":20,"column":2},"end":{"line":22,"column":null}},"14":{"start":{"line":21,"column":4},"end":{"line":21,"column":null}},"15":{"start":{"line":23,"column":2},"end":{"line":25,"column":null}},"16":{"start":{"line":24,"column":4},"end":{"line":24,"column":null}},"17":{"start":{"line":26,"column":2},"end":{"line":26,"column":null}}},"fnMap":{"0":{"name":"(anonymous_0)","decl":{"start":{"line":6,"column":31},"end":{"line":6,"column":32}},"loc":{"start":{"line":6,"column":56},"end":{"line":14,"column":null}},"line":6},"1":{"name":"(anonymous_1)","decl":{"start":{"line":16,"column":28},"end":{"line":16,"column":29}},"loc":{"start":{"line":16,"column":52},"end":{"line":27,"column":null}},"line":16}},"branchMap":{"0":{"loc":{"start":{"line":7,"column":2},"end":{"line":9,"column":null}},"type":"if","locations":[{"start":{"line":7,"column":2},"end":{"line":9,"column":null}},{"start":{},"end":{}}],"line":7},"1":{"loc":{"start":{"line":10,"column":2},"end":{"line":12,"column":null}},"type":"if","locations":[{"start":{"line":10,"column":2},"end":{"line":12,"column":null}},{"start":{},"end":{}}],"line":10},"2":{"loc":{"start":{"line":17,"column":2},"end":{"line":19,"column":null}},"type":"if","locations":[{"start":{"line":17,"column":2},"end":{"line":19,"column":null}},{"start":{},"end":{}}],"line":17},"3":{"loc":{"start":{"line":20,"column":2},"end":{"line":22,"column":null}},"type":"if","locations":[{"start":{"line":20,"column":2},"end":{"line":22,"column":null}},{"start":{},"end":{}}],"line":20},"4":{"loc":{"start":{"line":23,"column":2},"end":{"line":25,"column":null}},"type":"if","locations":[{"start":{"line":23,"column":2},"end":{"line":25,"column":null}},{"start":{},"end":{}}],"line":23}},"s":{"0":1,"1":1,"2":1,"3":1,"4":1,"5":5,"6":2,"7":3,"8":1,"9":2,"10":1,"11":4,"12":1,"13":3,"14":1,"15":2,"16":1,"17":1},"f":{"0":5,"1":4},"b":{"0":[2,3],"1":[1,2],"2":[1,3],"3":[1,2],"4":[1,1]},"meta":{"lastBranch":5,"lastFunction":2,"lastStatement":18,"seen":{"s:1:27:1:Infinity":0,"s:2:17:2:Infinity":1,"s:3:28:3:Infinity":2,"s:4:22:4:Infinity":3,"s:6:31:14:Infinity":4,"f:6:31:6:32":0,"b:7:2:9:Infinity:undefined:undefined:undefined:undefined":0,"s:7:2:9:Infinity":5,"s:8:4:8:Infinity":6,"b:10:2:12:Infinity:undefined:undefined:undefined:undefined":1,"s:10:2:12:Infinity":7,"s:11:4:11:Infinity":8,"s:13:2:13:Infinity":9,"s:16:28:27:Infinity":10,"f:16:28:16:29":1,"b:17:2:19:Infinity:undefined:undefined:undefined:undefined":2,"s:17:2:19:Infinity":11,"s:18:4:18:Infinity":12,"b:20:2:22:Infinity:undefined:undefined:undefined:undefined":3,"s:20:2:22:Infinity":13,"s:21:4:21:Infinity":14,"b:23:2:25:Infinity:undefined:undefined:undefined:undefined":4,"s:23:2:25:Infinity":15,"s:24:4:24:Infinity":16,"s:26:2:26:Infinity":17}}}
}
